template_flutter/build/app/intermediates/manifest_merge_blame_file/debug/manifest-merger-blame-debug-report.txt
1<?xml version="1.0" encoding="utf-8"?>
2<manifest xmlns:android="http://schemas.android.com/apk/res/android"
3    package="com.honghm.s_fam"
4    android:versionCode="1"
5    android:versionName="1.0.0" >
6
7    <uses-sdk
8        android:minSdkVersion="21"
9        android:targetSdkVersion="30" />
10    <!--
11         Flutter needs it to communicate with the running application
12         to allow setting breakpoints, to provide hot reload, etc.
13    -->
14    <uses-permission android:name="android.permission.INTERNET" />
14-->src\main\AndroidManifest.xml:4:5-67
14-->src\main\AndroidManifest.xml:4:22-64
15    <uses-permission android:name="android.permission.ACCESS_FINE_LOCATION" />
15-->src\main\AndroidManifest.xml:5:5-78
15-->src\main\AndroidManifest.xml:5:22-76
16    <uses-permission android:name="android.permission.ACCESS_COARSE_LOCATION" />
16-->src\main\AndroidManifest.xml:6:5-80
16-->src\main\AndroidManifest.xml:6:22-78
17    <uses-permission android:name="android.permission.ACCESS_BACKGROUND_LOCATION" />
17-->src\main\AndroidManifest.xml:7:5-85
17-->src\main\AndroidManifest.xml:7:22-82
18    <uses-permission android:name="android.permission.REQUEST_INSTALL_PACKAGES" />
18-->src\main\AndroidManifest.xml:8:5-82
18-->src\main\AndroidManifest.xml:8:22-80
19    <uses-permission android:name="android.permission.WRITE_EXTERNAL_STORAGE" />
19-->src\main\AndroidManifest.xml:9:5-80
19-->src\main\AndroidManifest.xml:9:22-78
20    <uses-permission android:name="android.permission.READ_EXTERNAL_STORAGE" />
20-->src\main\AndroidManifest.xml:10:5-79
20-->src\main\AndroidManifest.xml:10:22-77
21    <uses-permission android:name="android.permission.CAMERA" />
21-->src\main\AndroidManifest.xml:11:5-64
21-->src\main\AndroidManifest.xml:11:22-62
22    <uses-permission android:name="android.permission.RECEIVE_BOOT_COMPLETED" />
22-->src\main\AndroidManifest.xml:12:5-80
22-->src\main\AndroidManifest.xml:12:22-78
23    <uses-permission android:name="android.permission.VIBRATE" />
23-->src\main\AndroidManifest.xml:13:5-65
23-->src\main\AndroidManifest.xml:13:22-63
24    <uses-permission android:name="android.permission.WAKE_LOCK" />
24-->src\main\AndroidManifest.xml:14:5-67
24-->src\main\AndroidManifest.xml:14:22-65
25    <uses-permission android:name="android.permission.RECEIVE_BOOT_COMPLETED" />
25-->src\main\AndroidManifest.xml:12:5-80
25-->src\main\AndroidManifest.xml:12:22-78
26    <uses-permission android:name="android.permission.ACCESS_NETWORK_STATE" />
26-->[:firebase_messaging] AndroidManifest.xml:9:5-79
26-->[:firebase_messaging] AndroidManifest.xml:9:22-76
27    <uses-permission android:name="android.permission.USE_FINGERPRINT" />
27-->[:local_auth] AndroidManifest.xml:9:5-74
27-->[:local_auth] AndroidManifest.xml:9:22-71
28    <uses-permission android:name="android.permission.USE_FULL_SCREEN_INTENT" />
28-->[:flutter_local_notifications] AndroidManifest.xml:9:5-81
28-->[:flutter_local_notifications] AndroidManifest.xml:9:22-78
29    <uses-permission android:name="android.permission.ACCESS_MEDIA_LOCATION" />
29-->[:photo_manager] AndroidManifest.xml:9:5-80
29-->[:photo_manager] AndroidManifest.xml:9:22-77
30    <uses-permission android:name="android.permission.RECORD_AUDIO" /> <!-- Required by older versions of Google Play services to create IID tokens -->
30-->[:camera] AndroidManifest.xml:8:5-71
30-->[:camera] AndroidManifest.xml:8:22-68
31    <uses-permission android:name="com.google.android.c2dm.permission.RECEIVE" />
31-->[com.google.firebase:firebase-messaging:22.0.0] AndroidManifest.xml:25:5-82
31-->[com.google.firebase:firebase-messaging:22.0.0] AndroidManifest.xml:25:22-79
32    <uses-permission android:name="android.permission.USE_BIOMETRIC" />
32-->[androidx.biometric:biometric:1.1.0] AndroidManifest.xml:24:5-72
32-->[androidx.biometric:biometric:1.1.0] AndroidManifest.xml:24:22-69
33
34    <uses-feature
34-->[com.google.android.gms:play-services-maps:17.0.0] AndroidManifest.xml:26:5-28:35
35        android:glEsVersion="0x00020000"
35-->[com.google.android.gms:play-services-maps:17.0.0] AndroidManifest.xml:27:9-41
36        android:required="true" />
36-->[com.google.android.gms:play-services-maps:17.0.0] AndroidManifest.xml:28:9-32
37
38    <uses-permission android:name="com.google.android.finsky.permission.BIND_GET_INSTALL_REFERRER_SERVICE" />
38-->[com.google.android.gms:play-services-measurement:19.0.0] AndroidManifest.xml:26:5-110
38-->[com.google.android.gms:play-services-measurement:19.0.0] AndroidManifest.xml:26:22-107
39
40    <application
40-->src\main\AndroidManifest.xml:17:5-75:19
41        android:name="com.honghm.s_fam.Application"
41-->src\main\AndroidManifest.xml:18:9-36
42        android:appComponentFactory="androidx.core.app.CoreComponentFactory"
42-->[androidx.core:core:1.3.2] AndroidManifest.xml:24:18-86
43        android:debuggable="true"
44        android:icon="@mipmap/appicon"
44-->src\main\AndroidManifest.xml:19:9-39
45        android:label="S_Fam" >
45-->src\main\AndroidManifest.xml:20:9-30
46        <activity
46-->src\main\AndroidManifest.xml:21:9-53:20
47            android:name="com.honghm.s_fam.MainActivity"
47-->src\main\AndroidManifest.xml:22:13-41
48            android:configChanges="orientation|keyboardHidden|keyboard|screenSize|smallestScreenSize|locale|layoutDirection|fontScale|screenLayout|density|uiMode"
48-->src\main\AndroidManifest.xml:23:13-163
49            android:hardwareAccelerated="true"
49-->src\main\AndroidManifest.xml:24:13-47
50            android:launchMode="singleTop"
50-->src\main\AndroidManifest.xml:25:13-43
51            android:theme="@style/LaunchTheme"
51-->src\main\AndroidManifest.xml:26:13-47
52            android:windowSoftInputMode="adjustResize" >
52-->src\main\AndroidManifest.xml:27:13-55
53
54            <!--
55                 Specifies an Android theme to apply to this Activity as soon as
56                 the Android process has started. This theme is visible to the user
57                 while the Flutter UI initializes. After that, this theme continues
58                 to determine the Window background behind the Flutter UI.
59            -->
60            <meta-data
60-->src\main\AndroidManifest.xml:32:13-34:57
61                android:name="io.flutter.embedding.android.NormalTheme"
61-->src\main\AndroidManifest.xml:33:17-72
62                android:resource="@style/NormalTheme" />
62-->src\main\AndroidManifest.xml:34:17-54
63            <!--
64                 Displays an Android View that continues showing the launch screen
65                 Drawable until Flutter paints its first frame, then this splash
66                 screen fades out. A splash screen is useful to avoid any visual
67                 gap between the end of Android's launch screen and the painting of
68                 Flutter's first frame.
69            -->
70            <meta-data
70-->src\main\AndroidManifest.xml:40:13-42:66
71                android:name="io.flutter.embedding.android.SplashScreenDrawable"
71-->src\main\AndroidManifest.xml:41:17-81
72                android:resource="@drawable/launch_background" />
72-->src\main\AndroidManifest.xml:42:17-63
73
74            <intent-filter>
74-->src\main\AndroidManifest.xml:44:13-47:29
75                <action android:name="android.intent.action.MAIN" />
75-->src\main\AndroidManifest.xml:45:17-69
75-->src\main\AndroidManifest.xml:45:25-66
76
77                <category android:name="android.intent.category.LAUNCHER" />
77-->src\main\AndroidManifest.xml:46:17-77
77-->src\main\AndroidManifest.xml:46:27-74
78            </intent-filter>
79            <intent-filter>
79-->src\main\AndroidManifest.xml:48:13-51:29
80                <action android:name="FLUTTER_NOTIFICATION_CLICK" />
80-->src\main\AndroidManifest.xml:49:17-69
80-->src\main\AndroidManifest.xml:49:25-66
81
82                <category android:name="android.intent.category.DEFAULT" />
82-->src\main\AndroidManifest.xml:50:17-76
82-->src\main\AndroidManifest.xml:50:27-73
83            </intent-filter>
84        </activity>
85        <!--
86             Don't delete the meta-data below.
87             This is used by the Flutter tool to generate GeneratedPluginRegistrant.java
88        -->
89        <meta-data
89-->src\main\AndroidManifest.xml:56:9-58:33
90            android:name="flutterEmbedding"
90-->src\main\AndroidManifest.xml:57:13-44
91            android:value="2" />
91-->src\main\AndroidManifest.xml:58:13-30
92        <meta-data
92-->src\main\AndroidManifest.xml:59:9-60:70
93            android:name="com.google.android.geo.API_KEY"
93-->src\main\AndroidManifest.xml:59:20-65
94            android:value="AIzaSyAcJ6CcTB3zm7nRYGco3YkZMJZ4aJ47dm4" />
94-->src\main\AndroidManifest.xml:60:13-68
95
96        <service
96-->src\main\AndroidManifest.xml:61:9-64:39
97            android:name="io.flutter.plugins.androidalarmmanager.AlarmService"
97-->src\main\AndroidManifest.xml:62:13-79
98            android:exported="false"
98-->src\main\AndroidManifest.xml:64:13-37
99            android:permission="android.permission.BIND_JOB_SERVICE" />
99-->src\main\AndroidManifest.xml:63:13-69
100
101        <receiver
101-->src\main\AndroidManifest.xml:65:9-67:39
102            android:name="io.flutter.plugins.androidalarmmanager.AlarmBroadcastReceiver"
102-->src\main\AndroidManifest.xml:66:13-89
103            android:exported="false" />
103-->src\main\AndroidManifest.xml:67:13-37
104        <receiver
104-->src\main\AndroidManifest.xml:68:9-74:20
105            android:name="io.flutter.plugins.androidalarmmanager.RebootBroadcastReceiver"
105-->src\main\AndroidManifest.xml:69:13-90
106            android:enabled="false" >
106-->src\main\AndroidManifest.xml:70:13-36
107            <intent-filter>
107-->src\main\AndroidManifest.xml:71:13-73:29
108                <action android:name="android.intent.action.BOOT_COMPLETED" />
108-->src\main\AndroidManifest.xml:72:17-78
108-->src\main\AndroidManifest.xml:72:25-76
109            </intent-filter>
110        </receiver>
111
112        <service
112-->[:cloud_firestore] AndroidManifest.xml:8:9-12:19
113            android:name="com.google.firebase.components.ComponentDiscoveryService"
113-->[:cloud_firestore] AndroidManifest.xml:8:18-89
114            android:directBootAware="true"
114-->[com.google.firebase:firebase-common:20.0.0] AndroidManifest.xml:35:13-43
115            android:exported="false" >
115-->[com.google.firebase:firebase-analytics-ktx:19.0.0] AndroidManifest.xml:10:13-37
116            <meta-data
116-->[:cloud_firestore] AndroidManifest.xml:9:13-11:85
117                android:name="com.google.firebase.components:io.flutter.plugins.firebase.firestore.FlutterFirebaseFirestoreRegistrar"
117-->[:cloud_firestore] AndroidManifest.xml:10:17-134
118                android:value="com.google.firebase.components.ComponentRegistrar" />
118-->[:cloud_firestore] AndroidManifest.xml:11:17-82
119            <meta-data
119-->[:firebase_messaging] AndroidManifest.xml:34:13-36:85
120                android:name="com.google.firebase.components:io.flutter.plugins.firebase.messaging.FlutterFirebaseAppRegistrar"
120-->[:firebase_messaging] AndroidManifest.xml:35:17-128
121                android:value="com.google.firebase.components.ComponentRegistrar" />
121-->[:firebase_messaging] AndroidManifest.xml:36:17-82
122            <meta-data
122-->[:firebase_core] AndroidManifest.xml:9:13-11:85
123                android:name="com.google.firebase.components:io.flutter.plugins.firebase.core.FlutterFirebaseCoreRegistrar"
123-->[:firebase_core] AndroidManifest.xml:10:17-124
124                android:value="com.google.firebase.components.ComponentRegistrar" />
124-->[:firebase_core] AndroidManifest.xml:11:17-82
125            <meta-data
125-->[com.google.firebase:firebase-analytics-ktx:19.0.0] AndroidManifest.xml:11:13-13:85
126                android:name="com.google.firebase.components:com.google.firebase.analytics.ktx.FirebaseAnalyticsKtxRegistrar"
126-->[com.google.firebase:firebase-analytics-ktx:19.0.0] AndroidManifest.xml:12:17-126
127                android:value="com.google.firebase.components.ComponentRegistrar" />
127-->[com.google.firebase:firebase-analytics-ktx:19.0.0] AndroidManifest.xml:13:17-82
128            <meta-data
128-->[com.google.firebase:firebase-common-ktx:20.0.0] AndroidManifest.xml:15:13-17:85
129                android:name="com.google.firebase.components:com.google.firebase.ktx.FirebaseCommonKtxRegistrar"
129-->[com.google.firebase:firebase-common-ktx:20.0.0] AndroidManifest.xml:16:17-113
130                android:value="com.google.firebase.components.ComponentRegistrar" />
130-->[com.google.firebase:firebase-common-ktx:20.0.0] AndroidManifest.xml:17:17-82
131            <meta-data
131-->[com.google.firebase:firebase-messaging:22.0.0] AndroidManifest.xml:52:13-54:85
132                android:name="com.google.firebase.components:com.google.firebase.messaging.FirebaseMessagingRegistrar"
132-->[com.google.firebase:firebase-messaging:22.0.0] AndroidManifest.xml:53:17-119
133                android:value="com.google.firebase.components.ComponentRegistrar" />
133-->[com.google.firebase:firebase-messaging:22.0.0] AndroidManifest.xml:54:17-82
134            <meta-data
134-->[com.google.firebase:firebase-datatransport:18.0.0] AndroidManifest.xml:28:13-30:85
135                android:name="com.google.firebase.components:com.google.firebase.datatransport.TransportRegistrar"
135-->[com.google.firebase:firebase-datatransport:18.0.0] AndroidManifest.xml:29:17-115
136                android:value="com.google.firebase.components.ComponentRegistrar" />
136-->[com.google.firebase:firebase-datatransport:18.0.0] AndroidManifest.xml:30:17-82
137            <meta-data
137-->[com.google.firebase:firebase-firestore:23.0.1] AndroidManifest.xml:20:13-22:85
138                android:name="com.google.firebase.components:com.google.firebase.firestore.FirestoreRegistrar"
138-->[com.google.firebase:firebase-firestore:23.0.1] AndroidManifest.xml:21:17-111
139                android:value="com.google.firebase.components.ComponentRegistrar" />
139-->[com.google.firebase:firebase-firestore:23.0.1] AndroidManifest.xml:22:17-82
140            <meta-data
140-->[com.google.android.gms:play-services-measurement-api:19.0.0] AndroidManifest.xml:30:13-32:85
141                android:name="com.google.firebase.components:com.google.firebase.analytics.connector.internal.AnalyticsConnectorRegistrar"
141-->[com.google.android.gms:play-services-measurement-api:19.0.0] AndroidManifest.xml:31:17-139
142                android:value="com.google.firebase.components.ComponentRegistrar" />
142-->[com.google.android.gms:play-services-measurement-api:19.0.0] AndroidManifest.xml:32:17-82
143            <meta-data
143-->[com.google.firebase:firebase-installations:17.0.0] AndroidManifest.xml:18:13-20:85
144                android:name="com.google.firebase.components:com.google.firebase.installations.FirebaseInstallationsRegistrar"
144-->[com.google.firebase:firebase-installations:17.0.0] AndroidManifest.xml:19:17-127
145                android:value="com.google.firebase.components.ComponentRegistrar" />
145-->[com.google.firebase:firebase-installations:17.0.0] AndroidManifest.xml:20:17-82
146        </service>
147        <service
147-->[:firebase_messaging] AndroidManifest.xml:12:9-15:72
148            android:name="io.flutter.plugins.firebase.messaging.FlutterFirebaseMessagingBackgroundService"
148-->[:firebase_messaging] AndroidManifest.xml:13:13-107
149            android:exported="false"
149-->[:firebase_messaging] AndroidManifest.xml:14:13-37
150            android:permission="android.permission.BIND_JOB_SERVICE" />
150-->[:firebase_messaging] AndroidManifest.xml:15:13-69
151        <service
151-->[:firebase_messaging] AndroidManifest.xml:16:9-22:19
152            android:name="io.flutter.plugins.firebase.messaging.FlutterFirebaseMessagingService"
152-->[:firebase_messaging] AndroidManifest.xml:17:13-97
153            android:exported="false" >
153-->[:firebase_messaging] AndroidManifest.xml:18:13-37
154            <intent-filter>
154-->[:firebase_messaging] AndroidManifest.xml:19:13-21:29
155                <action android:name="com.google.firebase.MESSAGING_EVENT" />
155-->[:firebase_messaging] AndroidManifest.xml:20:17-78
155-->[:firebase_messaging] AndroidManifest.xml:20:25-75
156            </intent-filter>
157        </service>
158
159        <receiver
159-->[:firebase_messaging] AndroidManifest.xml:24:9-31:20
160            android:name="io.flutter.plugins.firebase.messaging.FlutterFirebaseMessagingReceiver"
160-->[:firebase_messaging] AndroidManifest.xml:25:13-98
161            android:exported="true"
161-->[:firebase_messaging] AndroidManifest.xml:26:13-36
162            android:permission="com.google.android.c2dm.permission.SEND" >
162-->[:firebase_messaging] AndroidManifest.xml:27:13-73
163            <intent-filter>
163-->[:firebase_messaging] AndroidManifest.xml:28:13-30:29
164                <action android:name="com.google.android.c2dm.intent.RECEIVE" />
164-->[:firebase_messaging] AndroidManifest.xml:29:17-81
164-->[:firebase_messaging] AndroidManifest.xml:29:25-78
165            </intent-filter>
166        </receiver>
167
168        <provider
168-->[:firebase_messaging] AndroidManifest.xml:39:9-43:38
169            android:name="io.flutter.plugins.firebase.messaging.FlutterFirebaseMessagingInitProvider"
169-->[:firebase_messaging] AndroidManifest.xml:40:13-102
170            android:authorities="com.honghm.s_fam.flutterfirebasemessaginginitprovider"
170-->[:firebase_messaging] AndroidManifest.xml:41:13-88
171            android:exported="false"
171-->[:firebase_messaging] AndroidManifest.xml:42:13-37
172            android:initOrder="99" />
172-->[:firebase_messaging] AndroidManifest.xml:43:13-35
173        <provider
173-->[:image_picker] AndroidManifest.xml:11:9-19:20
174            android:name="io.flutter.plugins.imagepicker.ImagePickerFileProvider"
174-->[:image_picker] AndroidManifest.xml:12:13-82
175            android:authorities="com.honghm.s_fam.flutter.image_provider"
175-->[:image_picker] AndroidManifest.xml:13:13-74
176            android:exported="false"
176-->[:image_picker] AndroidManifest.xml:14:13-37
177            android:grantUriPermissions="true" >
177-->[:image_picker] AndroidManifest.xml:15:13-47
178            <meta-data
178-->[:image_picker] AndroidManifest.xml:16:13-18:75
179                android:name="android.support.FILE_PROVIDER_PATHS"
179-->[:image_picker] AndroidManifest.xml:17:17-67
180                android:resource="@xml/flutter_image_picker_file_paths" />
180-->[:image_picker] AndroidManifest.xml:18:17-72
181        </provider>
182
183        <receiver android:name="com.dexterous.flutterlocalnotifications.ScheduledNotificationReceiver" />
183-->[:flutter_local_notifications] AndroidManifest.xml:12:9-106
183-->[:flutter_local_notifications] AndroidManifest.xml:12:19-103
184        <receiver android:name="com.dexterous.flutterlocalnotifications.ScheduledNotificationBootReceiver" >
184-->[:flutter_local_notifications] AndroidManifest.xml:13:9-20:20
184-->[:flutter_local_notifications] AndroidManifest.xml:13:19-107
185            <intent-filter>
185-->[:flutter_local_notifications] AndroidManifest.xml:14:13-19:29
186                <action android:name="android.intent.action.BOOT_COMPLETED" />
186-->src\main\AndroidManifest.xml:72:17-78
186-->src\main\AndroidManifest.xml:72:25-76
187                <action android:name="android.intent.action.MY_PACKAGE_REPLACED" />
187-->[:flutter_local_notifications] AndroidManifest.xml:16:17-84
187-->[:flutter_local_notifications] AndroidManifest.xml:16:25-81
188                <action android:name="android.intent.action.QUICKBOOT_POWERON" />
188-->[:flutter_local_notifications] AndroidManifest.xml:17:17-82
188-->[:flutter_local_notifications] AndroidManifest.xml:17:25-79
189                <action android:name="com.htc.intent.action.QUICKBOOT_POWERON" />
189-->[:flutter_local_notifications] AndroidManifest.xml:18:17-82
189-->[:flutter_local_notifications] AndroidManifest.xml:18:25-79
190            </intent-filter>
191        </receiver>
192
193        <provider
193-->[com.sangcomz:FishBun:0.11.2] AndroidManifest.xml:12:9-20:20
194            android:name="com.sangcomz.fishbun.FishBunFileProvider"
194-->[com.sangcomz:FishBun:0.11.2] AndroidManifest.xml:13:13-68
195            android:authorities="com.honghm.s_fam.fishbunfileprovider"
195-->[com.sangcomz:FishBun:0.11.2] AndroidManifest.xml:14:13-71
196            android:exported="false"
196-->[com.sangcomz:FishBun:0.11.2] AndroidManifest.xml:15:13-37
197            android:grantUriPermissions="true" >
197-->[com.sangcomz:FishBun:0.11.2] AndroidManifest.xml:16:13-47
198            <meta-data
198-->[:image_picker] AndroidManifest.xml:16:13-18:75
199                android:name="android.support.FILE_PROVIDER_PATHS"
199-->[:image_picker] AndroidManifest.xml:17:17-67
200                android:resource="@xml/provider_paths" />
200-->[:image_picker] AndroidManifest.xml:18:17-72
201        </provider>
202
203        <activity
203-->[com.sangcomz:FishBun:0.11.2] AndroidManifest.xml:22:9-25:51
204            android:name="com.sangcomz.fishbun.ui.album.AlbumActivity"
204-->[com.sangcomz:FishBun:0.11.2] AndroidManifest.xml:23:13-71
205            android:label="@string/album"
205-->[com.sangcomz:FishBun:0.11.2] AndroidManifest.xml:24:13-42
206            android:theme="@style/FishBunTheme" />
206-->[com.sangcomz:FishBun:0.11.2] AndroidManifest.xml:25:13-48
207        <activity
207-->[com.sangcomz:FishBun:0.11.2] AndroidManifest.xml:26:9-28:51
208            android:name="com.sangcomz.fishbun.ui.picker.PickerActivity"
208-->[com.sangcomz:FishBun:0.11.2] AndroidManifest.xml:27:13-73
209            android:theme="@style/FishBunTheme" />
209-->[com.sangcomz:FishBun:0.11.2] AndroidManifest.xml:28:13-48
210        <activity
210-->[com.sangcomz:FishBun:0.11.2] AndroidManifest.xml:29:9-31:54
211            android:name="com.sangcomz.fishbun.ui.detail.DetailActivity"
211-->[com.sangcomz:FishBun:0.11.2] AndroidManifest.xml:30:13-73
212            android:theme="@style/DetailViewTheme" />
212-->[com.sangcomz:FishBun:0.11.2] AndroidManifest.xml:31:13-51
213
214        <receiver
214-->[com.google.firebase:firebase-messaging:22.0.0] AndroidManifest.xml:28:9-35:20
215            android:name="com.google.firebase.iid.FirebaseInstanceIdReceiver"
215-->[com.google.firebase:firebase-messaging:22.0.0] AndroidManifest.xml:29:13-78
216            android:exported="true"
216-->[com.google.firebase:firebase-messaging:22.0.0] AndroidManifest.xml:30:13-36
217            android:permission="com.google.android.c2dm.permission.SEND" >
217-->[com.google.firebase:firebase-messaging:22.0.0] AndroidManifest.xml:31:13-73
218            <intent-filter>
218-->[:firebase_messaging] AndroidManifest.xml:28:13-30:29
219                <action android:name="com.google.android.c2dm.intent.RECEIVE" />
219-->[:firebase_messaging] AndroidManifest.xml:29:17-81
219-->[:firebase_messaging] AndroidManifest.xml:29:25-78
220            </intent-filter>
221        </receiver>
222        <!--
223             FirebaseMessagingService performs security checks at runtime,
224             but set to not exported to explicitly avoid allowing another app to call it.
225        -->
226        <service
226-->[com.google.firebase:firebase-messaging:22.0.0] AndroidManifest.xml:41:9-48:19
227            android:name="com.google.firebase.messaging.FirebaseMessagingService"
227-->[com.google.firebase:firebase-messaging:22.0.0] AndroidManifest.xml:42:13-82
228            android:directBootAware="true"
228-->[com.google.firebase:firebase-messaging:22.0.0] AndroidManifest.xml:43:13-43
229            android:exported="false" >
229-->[com.google.firebase:firebase-messaging:22.0.0] AndroidManifest.xml:44:13-37
230            <intent-filter android:priority="-500" >
230-->[:firebase_messaging] AndroidManifest.xml:19:13-21:29
231                <action android:name="com.google.firebase.MESSAGING_EVENT" />
231-->[:firebase_messaging] AndroidManifest.xml:20:17-78
231-->[:firebase_messaging] AndroidManifest.xml:20:25-75
232            </intent-filter>
233        </service>
234        <service
234-->[com.google.android.datatransport:transport-backend-cct:3.0.0] AndroidManifest.xml:29:9-35:19
235            android:name="com.google.android.datatransport.runtime.backends.TransportBackendDiscovery"
235-->[com.google.android.datatransport:transport-backend-cct:3.0.0] AndroidManifest.xml:30:13-103
236            android:exported="false" >
236-->[com.google.android.datatransport:transport-backend-cct:3.0.0] AndroidManifest.xml:31:13-37
237            <meta-data
237-->[com.google.android.datatransport:transport-backend-cct:3.0.0] AndroidManifest.xml:32:13-34:39
238                android:name="backend:com.google.android.datatransport.cct.CctBackendFactory"
238-->[com.google.android.datatransport:transport-backend-cct:3.0.0] AndroidManifest.xml:33:17-94
239                android:value="cct" />
239-->[com.google.android.datatransport:transport-backend-cct:3.0.0] AndroidManifest.xml:34:17-36
240        </service>
241
242        <provider
242-->[com.google.firebase:firebase-common:20.0.0] AndroidManifest.xml:26:9-31:39
243            android:name="com.google.firebase.provider.FirebaseInitProvider"
243-->[com.google.firebase:firebase-common:20.0.0] AndroidManifest.xml:27:13-77
244            android:authorities="com.honghm.s_fam.firebaseinitprovider"
244-->[com.google.firebase:firebase-common:20.0.0] AndroidManifest.xml:28:13-72
245            android:directBootAware="true"
245-->[com.google.firebase:firebase-common:20.0.0] AndroidManifest.xml:29:13-43
246            android:exported="false"
246-->[com.google.firebase:firebase-common:20.0.0] AndroidManifest.xml:30:13-37
247            android:initOrder="100" /> <!-- Needs to be explicitly declared on P+ -->
247-->[com.google.firebase:firebase-common:20.0.0] AndroidManifest.xml:31:13-36
248        <uses-library
248-->[com.google.android.gms:play-services-maps:17.0.0] AndroidManifest.xml:33:9-35:40
249            android:name="org.apache.http.legacy"
249-->[com.google.android.gms:play-services-maps:17.0.0] AndroidManifest.xml:34:13-50
250            android:required="false" />
250-->[com.google.android.gms:play-services-maps:17.0.0] AndroidManifest.xml:35:13-37
251
252        <receiver
252-->[com.google.android.gms:play-services-measurement:19.0.0] AndroidManifest.xml:29:9-33:20
253            android:name="com.google.android.gms.measurement.AppMeasurementReceiver"
253-->[com.google.android.gms:play-services-measurement:19.0.0] AndroidManifest.xml:30:13-85
254            android:enabled="true"
254-->[com.google.android.gms:play-services-measurement:19.0.0] AndroidManifest.xml:31:13-35
255            android:exported="false" >
255-->[com.google.android.gms:play-services-measurement:19.0.0] AndroidManifest.xml:32:13-37
256        </receiver>
257
258        <service
258-->[com.google.android.gms:play-services-measurement:19.0.0] AndroidManifest.xml:35:9-38:40
259            android:name="com.google.android.gms.measurement.AppMeasurementService"
259-->[com.google.android.gms:play-services-measurement:19.0.0] AndroidManifest.xml:36:13-84
260            android:enabled="true"
260-->[com.google.android.gms:play-services-measurement:19.0.0] AndroidManifest.xml:37:13-35
261            android:exported="false" />
261-->[com.google.android.gms:play-services-measurement:19.0.0] AndroidManifest.xml:38:13-37
262        <service
262-->[com.google.android.gms:play-services-measurement:19.0.0] AndroidManifest.xml:39:9-43:72
263            android:name="com.google.android.gms.measurement.AppMeasurementJobService"
263-->[com.google.android.gms:play-services-measurement:19.0.0] AndroidManifest.xml:40:13-87
264            android:enabled="true"
264-->[com.google.android.gms:play-services-measurement:19.0.0] AndroidManifest.xml:41:13-35
265            android:exported="false"
265-->[com.google.android.gms:play-services-measurement:19.0.0] AndroidManifest.xml:42:13-37
266            android:permission="android.permission.BIND_JOB_SERVICE" />
266-->[com.google.android.gms:play-services-measurement:19.0.0] AndroidManifest.xml:43:13-69
267
268        <activity
268-->[com.google.android.gms:play-services-base:17.0.0] AndroidManifest.xml:23:9-26:75
269            android:name="com.google.android.gms.common.api.GoogleApiActivity"
269-->[com.google.android.gms:play-services-base:17.0.0] AndroidManifest.xml:24:13-79
270            android:exported="false"
270-->[com.google.android.gms:play-services-base:17.0.0] AndroidManifest.xml:25:13-37
271            android:theme="@android:style/Theme.Translucent.NoTitleBar" />
271-->[com.google.android.gms:play-services-base:17.0.0] AndroidManifest.xml:26:13-72
272
273        <meta-data
273-->[com.google.android.gms:play-services-basement:17.0.0] AndroidManifest.xml:23:9-25:69
274            android:name="com.google.android.gms.version"
274-->[com.google.android.gms:play-services-basement:17.0.0] AndroidManifest.xml:24:13-58
275            android:value="@integer/google_play_services_version" />
275-->[com.google.android.gms:play-services-basement:17.0.0] AndroidManifest.xml:25:13-66
276
277        <service
277-->[com.google.android.datatransport:transport-runtime:3.0.0] AndroidManifest.xml:26:9-30:19
278            android:name="com.google.android.datatransport.runtime.scheduling.jobscheduling.JobInfoSchedulerService"
278-->[com.google.android.datatransport:transport-runtime:3.0.0] AndroidManifest.xml:27:13-117
279            android:exported="false"
279-->[com.google.android.datatransport:transport-runtime:3.0.0] AndroidManifest.xml:28:13-37
280            android:permission="android.permission.BIND_JOB_SERVICE" >
280-->[com.google.android.datatransport:transport-runtime:3.0.0] AndroidManifest.xml:29:13-69
281        </service>
282
283        <receiver